{
  "stats": {
    "suites": 1,
    "tests": 3,
    "passes": 0,
    "pending": 0,
    "failures": 3,
    "start": "2024-07-24T10:08:06.695Z",
    "end": "2024-07-24T10:08:58.773Z",
    "duration": 52078,
    "testsRegistered": 3,
    "passPercent": 0,
    "pendingPercent": 0,
    "other": 0,
    "hasOther": false,
    "skipped": 0,
    "hasSkipped": false
  },
  "results": [
    {
      "uuid": "9e4df031-2c8a-4b30-824f-567bd07310d5",
      "title": "",
      "fullFile": "cypress/e2e/features/chooseTrainingCourse/cypressCourse/chooseTrainingCourse.feature",
      "file": "cypress/e2e/features/chooseTrainingCourse/cypressCourse/chooseTrainingCourse.feature",
      "beforeHooks": [],
      "afterHooks": [],
      "tests": [],
      "suites": [
        {
          "uuid": "9f6dbe83-396c-4060-ac8f-1e5a6dc62f66",
          "title": "student choose training courses",
          "fullFile": "",
          "file": "",
          "beforeHooks": [],
          "afterHooks": [],
          "tests": [
            {
              "title": "Choosing training course by profesor",
              "fullTitle": "student choose training courses Choosing training course by profesor",
              "timedOut": null,
              "duration": 16264,
              "state": "failed",
              "speed": null,
              "pass": false,
              "fail": true,
              "pending": false,
              "context": null,
              "code": "const state = window.testState;\nreturn cy\n  .then(() => state.onStartScenario(scenario, indexedSteps))\n  .then(() =>\n    resolveAndRunBeforeHooks.call(this, scenario.tags, state.feature.name)\n  )\n  .then(() =>\n    indexedSteps.forEach((step) =>\n      stepTest.call(this, state, step, rowData)\n    )\n  )\n  .then(() => state.onFinishScenario(scenario));",
              "err": {
                "message": "AssertionError: Timed out retrying after 2000ms: Expected to find element: `:nth-child(1) > .MuiFormControl-root > .MuiInputBase-root > #demo-customized-select`, but never found it.",
                "estack": "AssertionError: Timed out retrying after 2000ms: Expected to find element: `:nth-child(1) > .MuiFormControl-root > .MuiInputBase-root > #demo-customized-select`, but never found it.\n    at chooseTrainingCourse.clickOnProfessorButton (cypress/pageObjects/pageActions/choosingTrainingCourses/cypressCourse/choosingTrainingCorActions.js:25:7)\n    at Context.eval (cypress/e2e/stepDef/choosingTrainingCourses/cypressCourse/choosingTrainingStepDef.js:26:24)\n    at Context.resolveAndRunStepDefinition (node_modules/cypress-cucumber-preprocessor/lib/resolveStepDefinition.js:193:0)\n    at Context.eval (node_modules/cypress-cucumber-preprocessor/lib/createTestFromScenario.js:27:0)",
                "diff": null
              },
              "uuid": "7928c67d-8221-4e4c-bb8e-826c6b3fe21a",
              "parentUUID": "9f6dbe83-396c-4060-ac8f-1e5a6dc62f66",
              "isHook": false,
              "skipped": false
            },
            {
              "title": "Choosing training course by search field",
              "fullTitle": "student choose training courses Choosing training course by search field",
              "timedOut": null,
              "duration": 15508,
              "state": "failed",
              "speed": null,
              "pass": false,
              "fail": true,
              "pending": false,
              "context": null,
              "code": "const state = window.testState;\nreturn cy\n  .then(() => state.onStartScenario(scenario, indexedSteps))\n  .then(() =>\n    resolveAndRunBeforeHooks.call(this, scenario.tags, state.feature.name)\n  )\n  .then(() =>\n    indexedSteps.forEach((step) =>\n      stepTest.call(this, state, step, rowData)\n    )\n  )\n  .then(() => state.onFinishScenario(scenario));",
              "err": {
                "message": "AssertionError: Timed out retrying after 2000ms: Expected to find element: `.form-control`, but never found it.",
                "estack": "AssertionError: Timed out retrying after 2000ms: Expected to find element: `.form-control`, but never found it.\n    at chooseTrainingCourse.sendTrainingCourseName (cypress/pageObjects/pageActions/choosingTrainingCourses/cypressCourse/choosingTrainingCorActions.js:62:9)\n    at Context.eval (cypress/e2e/stepDef/choosingTrainingCourses/cypressCourse/choosingTrainingStepDef.js:46:23)\n    at Context.resolveAndRunStepDefinition (node_modules/cypress-cucumber-preprocessor/lib/resolveStepDefinition.js:193:0)\n    at Context.eval (node_modules/cypress-cucumber-preprocessor/lib/createTestFromScenario.js:27:0)",
                "diff": null
              },
              "uuid": "5c6f9068-8dd9-4c2d-bbcd-0acb04732f2c",
              "parentUUID": "9f6dbe83-396c-4060-ac8f-1e5a6dc62f66",
              "isHook": false,
              "skipped": false
            },
            {
              "title": "Choosing training course a valider",
              "fullTitle": "student choose training courses Choosing training course a valider",
              "timedOut": null,
              "duration": 17706,
              "state": "failed",
              "speed": null,
              "pass": false,
              "fail": true,
              "pending": false,
              "context": null,
              "code": "const state = window.testState;\nreturn cy\n  .then(() => state.onStartScenario(scenario, indexedSteps))\n  .then(() =>\n    resolveAndRunBeforeHooks.call(this, scenario.tags, state.feature.name)\n  )\n  .then(() =>\n    indexedSteps.forEach((step) =>\n      stepTest.call(this, state, step, rowData)\n    )\n  )\n  .then(() => state.onFinishScenario(scenario));",
              "err": {
                "message": "AssertionError: Timed out retrying after 4000ms: Expected to find element: `.flex-wrap > :nth-child(3)`, but never found it.",
                "estack": "AssertionError: Timed out retrying after 4000ms: Expected to find element: `.flex-wrap > :nth-child(3)`, but never found it.\n    at chooseTrainingCourse.clickOnAValiderButton (cypress/pageObjects/pageActions/choosingTrainingCourses/cypressCourse/choosingTrainingCorActions.js:70:9)\n    at Context.eval (cypress/e2e/stepDef/choosingTrainingCourses/cypressCourse/choosingTrainingStepDef.js:54:25)\n    at Context.resolveAndRunStepDefinition (node_modules/cypress-cucumber-preprocessor/lib/resolveStepDefinition.js:193:0)\n    at Context.eval (node_modules/cypress-cucumber-preprocessor/lib/createTestFromScenario.js:27:0)",
                "diff": null
              },
              "uuid": "e05f63ba-9566-4aae-9a76-65b2f2834f0b",
              "parentUUID": "9f6dbe83-396c-4060-ac8f-1e5a6dc62f66",
              "isHook": false,
              "skipped": false
            }
          ],
          "suites": [],
          "passes": [],
          "failures": [
            "7928c67d-8221-4e4c-bb8e-826c6b3fe21a",
            "5c6f9068-8dd9-4c2d-bbcd-0acb04732f2c",
            "e05f63ba-9566-4aae-9a76-65b2f2834f0b"
          ],
          "pending": [],
          "skipped": [],
          "duration": 49478,
          "root": false,
          "rootEmpty": false,
          "_timeout": 2000
        }
      ],
      "passes": [],
      "failures": [],
      "pending": [],
      "skipped": [],
      "duration": 0,
      "root": true,
      "rootEmpty": true,
      "_timeout": 2000
    }
  ],
  "meta": {
    "mocha": {
      "version": "7.0.1"
    },
    "mochawesome": {
      "options": {
        "quiet": false,
        "reportFilename": "mochawesome",
        "saveHtml": false,
        "saveJson": true,
        "consoleReporter": "spec",
        "useInlineDiffs": false,
        "code": true
      },
      "version": "7.1.3"
    },
    "marge": {
      "options": {
        "charts": true,
        "reportPageTitle": "Koors / SlashUp",
        "embeddedScreenshots": true,
        "inlineAssets": true,
        "saveAllAttempts": false,
        "overwrite": false,
        "html": false,
        "json": true,
        "reportDir": "cypress/reports/html/.jsons"
      },
      "version": "6.2.0"
    }
  }
}